build source code
> Task :compileKotlin UP-TO-DATE
> Task :compileJava NO-SOURCE
> Task :processResources NO-SOURCE
> Task :classes UP-TO-DATE
> Task :bootJarMainClassName UP-TO-DATE
> Task :bootJar UP-TO-DATE
> Task :jar UP-TO-DATE
> Task :assemble UP-TO-DATE
> Task :compileTestKotlin UP-TO-DATE
> Task :compileTestJava NO-SOURCE
> Task :processTestResources
> Task :testClasses
> Task :test
> Task :check
> Task :build

BUILD SUCCESSFUL in 6s
7 actionable tasks: 2 executed, 5 up-to-date
start testing
start new test (1) at Fri 24 Jan 2025 03:49:02 PM CET 
start new test (2) at Fri 24 Jan 2025 03:49:20 PM CET 
start new test (3) at Fri 24 Jan 2025 03:49:35 PM CET 
start new test (4) at Fri 24 Jan 2025 03:49:49 PM CET 
Found anomalies in 0 cases out of 4 test runs within 60 seconds.
